<?xml version="1.0" encoding="UTF-8"?><testsuite errors="1" failures="0" name="user register in Utest" skipped="0" tests="1" time="14.47" timestamp="2021-03-10 03:09:01"><testcase name="Register in the utest platform"><error message="Arity mismatch: Step Definition 'co.com.choucair.certification.Utest.stepdefinitions.utestStepDefinitions.heFillOutTheForms(UtestData&gt;) in file:/C:/Users/dgarciap/IdeaProjects/Utest/build/classes/java/test/' with pattern [^he fill out the forms$] is declared with 1 parameters. However, the gherkin step has 0 arguments []. &#10;Step text: he fill out the forms" type="cucumber.runtime.CucumberException">Arity mismatch: Step Definition 'co.com.choucair.certification.Utest.stepdefinitions.utestStepDefinitions.heFillOutTheForms(UtestData&gt;) in file:/C:/Users/dgarciap/IdeaProjects/Utest/build/classes/java/test/' with pattern [^he fill out the forms$] is declared with 1 parameters. However, the gherkin step has 0 arguments []. 
Step text: he fill out the forms</error><system-err>Arity mismatch: Step Definition 'co.com.choucair.certification.Utest.stepdefinitions.utestStepDefinitions.heFillOutTheForms(UtestData&gt;) in file:/C:/Users/dgarciap/IdeaProjects/Utest/build/classes/java/test/' with pattern [^he fill out the forms$] is declared with 1 parameters. However, the gherkin step has 0 arguments []. 
Step text: he fill out the forms&#13;
cucumber.runner.Runner.runPickle(Runner.java:80)&#13;
</system-err></testcase></testsuite>